GROUP,PACKAGE,CLASS,INSTRUCTION_MISSED,INSTRUCTION_COVERED,BRANCH_MISSED,BRANCH_COVERED,LINE_MISSED,LINE_COVERED,COMPLEXITY_MISSED,COMPLEXITY_COVERED,METHOD_MISSED,METHOD_COVERED
sifis,it.polito.elite.sifis.entities.petrinet,InputArc,64,39,4,2,20,12,8,5,6,4
sifis,it.polito.elite.sifis.entities.petrinet,CopyTransition.Type,0,24,0,0,0,3,0,1,0,1
sifis,it.polito.elite.sifis.entities.petrinet,ActionPlace,8,14,0,0,3,6,1,3,1,3
sifis,it.polito.elite.sifis.entities.petrinet,OutputArc,36,27,0,0,10,10,4,3,4,3
sifis,it.polito.elite.sifis.entities.petrinet,PetriNet,152,137,8,6,49,35,22,13,18,10
sifis,it.polito.elite.sifis.entities.petrinet,Arc,8,9,0,0,4,3,2,3,2,3
sifis,it.polito.elite.sifis.entities.petrinet,Simulation,63,206,6,20,22,62,12,20,7,12
sifis,it.polito.elite.sifis.entities.petrinet,NetObject,4,36,0,2,2,12,1,6,1,5
sifis,it.polito.elite.sifis.entities.petrinet,TokenSet,94,146,9,17,19,44,14,15,7,9
sifis,it.polito.elite.sifis.entities.petrinet,Place,31,38,0,0,10,13,5,5,5,5
sifis,it.polito.elite.sifis.entities.petrinet,TriggerPlace,8,14,0,0,3,6,1,3,1,3
sifis,it.polito.elite.sifis.entities.petrinet,TriggerTransition,147,0,10,0,40,0,14,0,9,0
sifis,it.polito.elite.sifis.entities.petrinet,RestSimulator,101,0,12,0,31,0,12,0,6,0
sifis,it.polito.elite.sifis.entities.petrinet,ExtendedPetriNet,52,212,6,12,20,54,10,16,5,12
sifis,it.polito.elite.sifis.entities.petrinet,CopyTransition,101,119,7,11,30,30,14,7,9,3
sifis,it.polito.elite.sifis.entities.petrinet,Token,103,49,9,3,26,14,13,5,7,5
sifis,it.polito.elite.sifis.entities.petrinet,Transition,184,73,23,11,47,19,22,8,9,4
sifis,it.polito.elite.sifis.entities.petrinet,RuleTransition,31,114,1,9,9,29,5,8,4,4
sifis,it.polito.elite.sifis.entities.db,Dbrule,7,52,0,0,3,22,2,15,2,15
sifis,it.polito.elite.sifis.entities.db,Dbaction,14,24,0,0,6,10,4,7,4,7
sifis,it.polito.elite.sifis.entities.db,User,43,16,0,0,19,6,12,5,12,5
sifis,it.polito.elite.sifis.entities.db,SecurityUser,0,37,1,1,0,13,1,8,0,8
sifis,it.polito.elite.sifis.entities.db,Dbpolicy,3,0,0,0,1,0,1,0,1,0
sifis,it.polito.elite.sifis.entities.db,Dbentity,21,3,0,0,9,1,6,1,6,1
sifis,it.polito.elite.sifis.entities.db,Dbtrigger,14,24,0,0,6,10,4,7,4,7
sifis,it.polito.elite.sifis.entities.db,Dbdetail,16,36,0,0,6,16,5,10,5,10
sifis,it.polito.elite.sifis.utils,HandledDatatypes,145,0,0,0,18,0,6,0,6,0
sifis,it.polito.elite.sifis.utils,HandledDatatypes.new HandledDatatypes() {...},36,0,2,0,8,0,5,0,4,0
sifis,it.polito.elite.sifis.utils,HandledDatatypes.new HandledDatatypes() {...},30,0,2,0,6,0,5,0,4,0
sifis,it.polito.elite.sifis.utils,HandledDatatypes.new HandledDatatypes() {...},29,0,2,0,6,0,5,0,4,0
sifis,it.polito.elite.sifis.utils,HandledDatatypes.new HandledDatatypes() {...},24,0,2,0,5,0,4,0,3,0
sifis,it.polito.elite.sifis.utils,PropertyFileReader,6,17,0,0,3,6,1,1,1,1
sifis,it.polito.elite.sifis.utils,HandledDatatypes.new HandledDatatypes() {...},40,0,6,0,6,0,7,0,4,0
sifis,it.polito.elite.sifis.utils,HandledDatatypes.new HandledDatatypes() {...},21,0,2,0,5,0,4,0,3,0
sifis,it.polito.elite.sifis.utils,HandledDatatypes.new HandledDatatypes() {...},24,0,2,0,5,0,4,0,3,0
sifis,it.polito.elite.sifis.utils,HandledDatatypes.new HandledDatatypes() {...},22,0,2,0,5,0,4,0,3,0
sifis,it.polito.elite.sifis.utils,FileUtils,3,27,0,2,1,5,1,2,1,1
sifis,it.polito.elite.sifis.controllers,SifisController,199,508,39,41,42,103,32,24,3,13
sifis,it.polito.elite.sifis.controllers,LoginController,29,5,0,0,7,2,2,2,2,2
sifis,it.polito.elite.sifis.controllers,IoTController,69,3,4,0,16,1,4,1,2,1
sifis,it.polito.elite.sifis.controllers,Index,2,3,0,0,1,1,1,1,1,1
sifis,it.polito.elite.sifis.entities.xacml,AttributesReferenceType,10,0,0,0,4,0,3,0,3,0
sifis,it.polito.elite.sifis.entities.xacml,PolicyIssuerType,21,0,2,0,7,0,5,0,4,0
sifis,it.polito.elite.sifis.entities.xacml,AnyOfType,11,3,2,0,3,1,2,1,1,1
sifis,it.polito.elite.sifis.entities.xacml,ResultType,49,0,2,0,19,0,13,0,12,0
sifis,it.polito.elite.sifis.entities.xacml,PolicySetType,84,0,2,0,34,0,23,0,22,0
sifis,it.polito.elite.sifis.entities.xacml,CombinerParameterType,17,0,0,0,7,0,5,0,5,0
sifis,it.polito.elite.sifis.entities.xacml,RequestType,42,0,2,0,16,0,11,0,10,0
sifis,it.polito.elite.sifis.entities.xacml,ObligationType,21,0,2,0,7,0,5,0,4,0
sifis,it.polito.elite.sifis.entities.xacml,AdviceType,21,0,2,0,7,0,5,0,4,0
sifis,it.polito.elite.sifis.entities.xacml,ExpressionType,0,3,0,0,0,1,0,1,0,1
sifis,it.polito.elite.sifis.entities.xacml,AssociatedAdviceType,14,0,2,0,4,0,3,0,2,0
sifis,it.polito.elite.sifis.entities.xacml,AdviceExpressionsType,14,0,2,0,4,0,3,0,2,0
sifis,it.polito.elite.sifis.entities.xacml,EffectType,31,34,4,0,5,6,4,2,2,2
sifis,it.polito.elite.sifis.entities.xacml,CombinerParametersType,14,0,2,0,4,0,3,0,2,0
sifis,it.polito.elite.sifis.entities.xacml,ObligationExpressionType,28,0,2,0,10,0,7,0,6,0
sifis,it.polito.elite.sifis.entities.xacml,AttributesType,35,0,2,0,13,0,9,0,8,0
sifis,it.polito.elite.sifis.entities.xacml,MultiRequestsType,14,0,2,0,4,0,3,0,2,0
sifis,it.polito.elite.sifis.entities.xacml,StatusCodeType,17,0,0,0,7,0,5,0,5,0
sifis,it.polito.elite.sifis.entities.xacml,IdReferenceType,31,0,0,0,13,0,9,0,9,0
sifis,it.polito.elite.sifis.entities.xacml,TargetType,11,3,2,0,3,1,2,1,1,1
sifis,it.polito.elite.sifis.entities.xacml,PolicyType,58,26,2,0,22,12,16,7,15,7
sifis,it.polito.elite.sifis.entities.xacml,AttributeValueType,17,12,2,0,5,4,4,2,3,2
sifis,it.polito.elite.sifis.entities.xacml,MissingAttributeDetailType,42,0,2,0,16,0,11,0,10,0
sifis,it.polito.elite.sifis.entities.xacml,DefaultsType,10,0,0,0,4,0,3,0,3,0
sifis,it.polito.elite.sifis.entities.xacml,AttributeType,35,0,2,0,13,0,9,0,8,0
sifis,it.polito.elite.sifis.entities.xacml,RequestReferenceType,14,0,2,0,4,0,3,0,2,0
sifis,it.polito.elite.sifis.entities.xacml,RequestDefaultsType,10,0,0,0,4,0,3,0,3,0
sifis,it.polito.elite.sifis.entities.xacml,MatchType,16,15,0,0,6,7,5,4,5,4
sifis,it.polito.elite.sifis.entities.xacml,PolicySetCombinerParametersType,10,0,0,0,4,0,3,0,3,0
sifis,it.polito.elite.sifis.entities.xacml,VariableReferenceType,10,0,0,0,4,0,3,0,3,0
sifis,it.polito.elite.sifis.entities.xacml,StatusType,24,0,0,0,10,0,7,0,7,0
sifis,it.polito.elite.sifis.entities.xacml,RuleCombinerParametersType,10,0,0,0,4,0,3,0,3,0
sifis,it.polito.elite.sifis.entities.xacml,ObligationExpressionsType,14,0,2,0,4,0,3,0,2,0
sifis,it.polito.elite.sifis.entities.xacml,ResponseType,14,0,2,0,4,0,3,0,2,0
sifis,it.polito.elite.sifis.entities.xacml,ConditionType,10,7,0,0,4,3,3,2,3,2
sifis,it.polito.elite.sifis.entities.xacml,ContentType,14,0,2,0,4,0,3,0,2,0
sifis,it.polito.elite.sifis.entities.xacml,AttributeAssignmentType,24,0,0,0,10,0,7,0,7,0
sifis,it.polito.elite.sifis.entities.xacml,AdviceExpressionType,28,0,2,0,10,0,7,0,6,0
sifis,it.polito.elite.sifis.entities.xacml,AllOfType,11,3,2,0,3,1,2,1,1,1
sifis,it.polito.elite.sifis.entities.xacml,RuleType,35,31,0,0,13,15,11,8,11,8
sifis,it.polito.elite.sifis.entities.xacml,AttributeAssignmentExpressionType,31,0,0,0,13,0,9,0,9,0
sifis,it.polito.elite.sifis.entities.xacml,PolicyIdentifierListType,14,0,2,0,4,0,3,0,2,0
sifis,it.polito.elite.sifis.entities.xacml,PolicyCombinerParametersType,10,0,0,0,4,0,3,0,3,0
sifis,it.polito.elite.sifis.entities.xacml,AttributeSelectorType,38,0,0,0,16,0,11,0,11,0
sifis,it.polito.elite.sifis.entities.xacml,StatusDetailType,14,0,2,0,4,0,3,0,2,0
sifis,it.polito.elite.sifis.entities.xacml,ObligationsType,14,0,2,0,4,0,3,0,2,0
sifis,it.polito.elite.sifis.entities.xacml,AttributeDesignatorType,19,19,0,0,7,9,6,5,6,5
sifis,it.polito.elite.sifis.entities.xacml,ObjectFactory,608,358,0,0,100,60,100,5,100,5
sifis,it.polito.elite.sifis.entities.xacml,ApplyType,15,13,1,1,5,5,4,3,3,3
sifis,it.polito.elite.sifis.entities.xacml,FunctionType,10,0,0,0,4,0,3,0,3,0
sifis,it.polito.elite.sifis.entities.xacml,VariableDefinitionType,17,0,0,0,7,0,5,0,5,0
sifis,it.polito.elite.sifis.entities.xacml,DecisionType,31,56,4,0,5,8,4,2,2,2
sifis,it.polito.elite.sifis,SecurityConfig,0,125,0,0,0,24,0,5,0,5
sifis,it.polito.elite.sifis,ServletInitializer,12,0,0,0,2,0,2,0,2,0
sifis,it.polito.elite.sifis,RootConfig,0,38,0,0,0,10,0,9,0,9
sifis,it.polito.elite.sifis,MyLogoutSuccessHandler,4,3,0,0,2,1,1,1,1,1
sifis,it.polito.elite.sifis,WebConfig,0,20,0,0,0,3,0,2,0,2
sifis,it.polito.elite.sifis,MyLogoutHandler,23,3,0,0,7,1,1,1,1,1
sifis,it.polito.elite.sifis,SifisApplication,14,3,0,0,3,1,2,1,2,1
sifis,it.polito.elite.sifis.services,DHTServiceImpl,16,145,0,0,2,34,0,3,0,3
sifis,it.polito.elite.sifis.services,DBServiceImpl.new Comparator() {...},6,6,0,0,1,1,1,1,1,1
sifis,it.polito.elite.sifis.services,DBServiceImpl.new Comparator() {...},0,12,0,0,0,2,0,2,0,2
sifis,it.polito.elite.sifis.services,CustomUserDetailsService,6,15,1,1,1,4,1,2,0,2
sifis,it.polito.elite.sifis.services,XACMLServiceImpl,892,995,50,25,219,249,43,18,7,15
sifis,it.polito.elite.sifis.services,OWLServiceImpl,4433,2199,269,81,713,334,187,38,33,17
sifis,it.polito.elite.sifis.services,UserServiceImpl,30,8,0,0,6,2,1,2,1,2
sifis,it.polito.elite.sifis.services,PetriNetServiceImpl,487,347,53,25,106,73,36,13,5,5
sifis,it.polito.elite.sifis.services,DBServiceImpl,636,487,90,38,122,107,64,11,8,3
sifis,it.polito.elite.sifis.entities.owl,RuleProblems,90,69,18,6,26,19,19,12,8,11
sifis,it.polito.elite.sifis.entities.owl,Role,14,3,0,0,6,1,4,1,4,1
sifis,it.polito.elite.sifis.entities.owl,Notification,80,0,14,0,27,0,16,0,9,0
sifis,it.polito.elite.sifis.entities.owl,Technology,24,0,0,0,10,0,7,0,7,0
sifis,it.polito.elite.sifis.entities.owl,Location,15,65,8,6,6,21,7,9,0,9
sifis,it.polito.elite.sifis.entities.owl,Trigger,35,136,16,14,13,38,14,18,1,16
sifis,it.polito.elite.sifis.entities.owl,IoTEntity,73,25,14,0,23,11,14,7,7,7
sifis,it.polito.elite.sifis.entities.owl,Rule,143,187,54,16,39,46,35,20,1,19
sifis,it.polito.elite.sifis.entities.owl,Detail,24,126,13,9,9,40,11,20,0,20
sifis,it.polito.elite.sifis.entities.owl,Service,15,122,8,10,6,41,7,22,0,20
sifis,it.polito.elite.sifis.entities.owl,Command,45,42,13,1,15,15,10,8,3,8
sifis,it.polito.elite.sifis.entities.owl,Action,39,132,18,12,14,37,16,16,1,16
